<?xml version="1.0" encoding="UTF-8"?>
<!-- Generated by org.testng.reporters.JUnitReportReporter -->
<testsuite skipped="0" hostname="LAPTOP-OPR2IDQJ" name="test.TESTAmazonKindleEdition" tests="1" failures="0" timestamp="20 Mar 2021 18:20:37 GMT" time="22.035" errors="0">
  <testcase name="homepage" time="22.035" classname="test.TESTAmazonKindleEdition"/>
</testsuite> <!-- test.TESTAmazonKindleEdition -->
