<?xml version="1.0" encoding="UTF-8"?>
<!-- Generated by org.testng.reporters.JUnitReportReporter -->
<testsuite skipped="0" hostname="LAPTOP-OPR2IDQJ" name="test.TESTAmazonBooksPage" tests="1" failures="0" timestamp="19 Mar 2021 14:59:34 GMT" time="11.972" errors="0">
  <testcase name="homepage" time="11.972" classname="test.TESTAmazonBooksPage"/>
</testsuite> <!-- test.TESTAmazonBooksPage -->
